<?xml version="1.0" encoding="UTF-8"?>
<testng-results ignored="4" total="12" passed="8" failed="0" skipped="0">
  <reporter-output>
  </reporter-output>
  <suite started-at="2022-02-03T20:08:12 IST" name="All Test Suite" finished-at="2022-02-03T20:08:50 IST" duration-ms="37677">
    <groups>
    </groups>
    <test started-at="2022-02-03T20:08:12 IST" name="Regression" finished-at="2022-02-03T20:08:50 IST" duration-ms="37677">
      <class name="tests.TestSignUpScenario">
        <test-method is-config="true" signature="startLog()[pri:0, instance:tests.TestSignUpScenario@1d119efb]" started-at="2022-02-03T20:08:45 IST" name="startLog" finished-at="2022-02-03T20:08:45 IST" duration-ms="1" status="PASS">
          <reporter-output>
          </reporter-output>
        </test-method> <!-- startLog -->
        <test-method signature="verifySignUpUser()[pri:0, instance:tests.TestSignUpScenario@1d119efb]" started-at="2022-02-03T20:08:45 IST" name="verifySignUpUser" finished-at="2022-02-03T20:08:47 IST" duration-ms="2322" status="PASS">
          <reporter-output>
          </reporter-output>
        </test-method> <!-- verifySignUpUser -->
        <test-method signature="verifySignUpwithUsedUsername()[pri:0, instance:tests.TestSignUpScenario@1d119efb]" started-at="2022-02-03T20:08:47 IST" name="verifySignUpwithUsedUsername" finished-at="2022-02-03T20:08:50 IST" duration-ms="2404" status="PASS">
          <reporter-output>
          </reporter-output>
        </test-method> <!-- verifySignUpwithUsedUsername -->
        <test-method is-config="true" signature="endtLog()[pri:0, instance:tests.TestSignUpScenario@1d119efb]" started-at="2022-02-03T20:08:50 IST" name="endtLog" finished-at="2022-02-03T20:08:50 IST" duration-ms="0" status="PASS">
          <reporter-output>
          </reporter-output>
        </test-method> <!-- endtLog -->
      </class> <!-- tests.TestSignUpScenario -->
      <class name="tests.TestSignInScenario">
        <test-method is-config="true" signature="startLog()[pri:0, instance:tests.TestSignInScenario@149e0f5d]" started-at="2022-02-03T20:08:42 IST" name="startLog" finished-at="2022-02-03T20:08:42 IST" duration-ms="1" status="PASS">
          <reporter-output>
          </reporter-output>
        </test-method> <!-- startLog -->
        <test-method signature="verifySignIn()[pri:0, instance:tests.TestSignInScenario@149e0f5d]" started-at="2022-02-03T20:08:42 IST" name="verifySignIn" finished-at="2022-02-03T20:08:43 IST" duration-ms="1461" status="PASS">
          <reporter-output>
          </reporter-output>
        </test-method> <!-- verifySignIn -->
        <test-method signature="verifySignInwithInvalidCredentails()[pri:0, instance:tests.TestSignInScenario@149e0f5d]" started-at="2022-02-03T20:08:43 IST" name="verifySignInwithInvalidCredentails" finished-at="2022-02-03T20:08:45 IST" duration-ms="1571" status="PASS">
          <reporter-output>
          </reporter-output>
        </test-method> <!-- verifySignInwithInvalidCredentails -->
        <test-method is-config="true" signature="endtLog()[pri:0, instance:tests.TestSignInScenario@149e0f5d]" started-at="2022-02-03T20:08:45 IST" name="endtLog" finished-at="2022-02-03T20:08:45 IST" duration-ms="0" status="PASS">
          <reporter-output>
          </reporter-output>
        </test-method> <!-- endtLog -->
      </class> <!-- tests.TestSignInScenario -->
      <class name="tests.TestArticleScenario">
        <test-method is-config="true" signature="openBrowser()[pri:0, instance:tests.TestArticleScenario@4690b489]" started-at="2022-02-03T20:08:05 IST" name="openBrowser" finished-at="2022-02-03T20:08:12 IST" duration-ms="6956" status="PASS">
          <reporter-output>
          </reporter-output>
        </test-method> <!-- openBrowser -->
        <test-method is-config="true" signature="intialzeLoginData()[pri:0, instance:tests.TestArticleScenario@4690b489]" started-at="2022-02-03T20:08:12 IST" name="intialzeLoginData" finished-at="2022-02-03T20:08:12 IST" duration-ms="2" status="PASS">
          <reporter-output>
          </reporter-output>
        </test-method> <!-- intialzeLoginData -->
        <test-method signature="verifyAddArticle()[pri:0, instance:tests.TestArticleScenario@4690b489]" started-at="2022-02-03T20:08:12 IST" name="verifyAddArticle" finished-at="2022-02-03T20:08:17 IST" duration-ms="4930" status="PASS">
          <reporter-output>
          </reporter-output>
        </test-method> <!-- verifyAddArticle -->
        <test-method signature="verifyAddComment()[pri:0, instance:tests.TestArticleScenario@4690b489]" started-at="2022-02-03T20:08:17 IST" name="verifyAddComment" finished-at="2022-02-03T20:08:23 IST" duration-ms="6434" status="PASS">
          <reporter-output>
          </reporter-output>
        </test-method> <!-- verifyAddComment -->
        <test-method signature="verifyDeleteArticle()[pri:0, instance:tests.TestArticleScenario@4690b489]" started-at="2022-02-03T20:08:23 IST" name="verifyDeleteArticle" finished-at="2022-02-03T20:08:33 IST" duration-ms="9572" status="PASS">
          <reporter-output>
          </reporter-output>
        </test-method> <!-- verifyDeleteArticle -->
        <test-method signature="verifyEditArticle()[pri:0, instance:tests.TestArticleScenario@4690b489]" started-at="2022-02-03T20:08:33 IST" name="verifyEditArticle" finished-at="2022-02-03T20:08:42 IST" duration-ms="8961" status="PASS">
          <reporter-output>
          </reporter-output>
        </test-method> <!-- verifyEditArticle -->
        <test-method is-config="true" signature="endtLog()[pri:0, instance:tests.TestArticleScenario@4690b489]" started-at="2022-02-03T20:08:42 IST" name="endtLog" finished-at="2022-02-03T20:08:42 IST" duration-ms="0" status="PASS">
          <reporter-output>
          </reporter-output>
        </test-method> <!-- endtLog -->
        <test-method is-config="true" signature="closeBrowser()[pri:0, instance:tests.TestArticleScenario@4690b489]" started-at="2022-02-03T20:08:50 IST" name="closeBrowser" finished-at="2022-02-03T20:08:51 IST" duration-ms="1199" status="PASS">
          <reporter-output>
          </reporter-output>
        </test-method> <!-- closeBrowser -->
      </class> <!-- tests.TestArticleScenario -->
    </test> <!-- Regression -->
  </suite> <!-- All Test Suite -->
</testng-results>
