<?xml version="1.0" encoding="UTF-8"?>
<!-- Generated by org.testng.reporters.JUnitXMLReporter -->
<testsuite ignored="4" hostname="rjoshi-C02G509VMD6N" failures="0" tests="8" name="Regression" time="37.677" errors="0" timestamp="2022-02-03T20:08:50 IST">
  <testcase classname="tests.TestArticleScenario" name="verifyAddArticle" time="4.93"/>
  <testcase classname="tests.TestArticleScenario" name="verifyAddComment" time="6.434"/>
  <testcase classname="tests.TestArticleScenario" name="verifyDeleteArticle" time="9.572"/>
  <testcase classname="tests.TestArticleScenario" name="verifyEditArticle" time="8.961"/>
  <testcase classname="tests.TestSignInScenario" name="verifySignIn" time="1.461"/>
  <testcase classname="tests.TestSignInScenario" name="verifySignInwithInvalidCredentails" time="1.571"/>
  <testcase classname="tests.TestSignUpScenario" name="verifySignUpUser" time="2.322"/>
  <testcase classname="tests.TestSignUpScenario" name="verifySignUpwithUsedUsername" time="2.404"/>
  <testcase classname="base.TestBaseSetup" name="@AfterSuite closeBrowser" time="0.0">
    <ignored/>
  </testcase> <!-- @AfterSuite closeBrowser -->
  <testcase classname="base.TestBaseSetup" name="@AfterSuite closeBrowser" time="0.0">
    <ignored/>
  </testcase> <!-- @AfterSuite closeBrowser -->
  <testcase classname="base.TestBaseSetup" name="@BeforeSuite openBrowser" time="0.0">
    <ignored/>
  </testcase> <!-- @BeforeSuite openBrowser -->
  <testcase classname="base.TestBaseSetup" name="@BeforeSuite openBrowser" time="0.0">
    <ignored/>
  </testcase> <!-- @BeforeSuite openBrowser -->
</testsuite> <!-- Regression -->
